<?xml version="1.0" encoding="UTF-8"?>
<!-- Generated by org.testng.reporters.JUnitReportReporter -->
<testsuite skipped="0" hostname="prvnmali" name="academy.HomePage1" tests="3" failures="0" timestamp="02 Mar 2019 00:31:21 GMT" time="39.784" errors="0">
  <testcase name="basePageNavigation" time="8.156" classname="academy.HomePage1"/>
  <testcase name="basePageNavigation" time="7.669" classname="academy.HomePage1"/>
  <testcase name="basePageNavigation" time="23.959" classname="academy.HomePage1"/>
</testsuite> <!-- academy.HomePage1 -->
