<?xml version="1.0" encoding="UTF-8"?>
<!-- Generated by org.testng.reporters.JUnitReportReporter -->
<testsuite skipped="0" hostname="prvnmali" name="academy.ValidateFeatures" tests="1" failures="0" timestamp="01 Mar 2019 05:51:23 GMT" time="11.442" errors="0">
  <testcase name="validateContent" time="11.442" classname="academy.ValidateFeatures"/>
</testsuite> <!-- academy.ValidateFeatures -->
